<?xml version="1.0" encoding="UTF-8"?>
<!-- Generated by org.testng.reporters.JUnitReportReporter -->
<testsuite skipped="0" hostname="DESKTOP-RT1RM8J" name="com.learnautomation.testcases.LoginTestWithPOMWithFactory" tests="6" failures="0" timestamp="2022-01-08T08:28:02 IST" time="14.857" errors="0">
  <testcase name="login" time="5.840" classname="com.learnautomation.testcases.LoginTestWithPOMWithFactory"/>
  <system-out/>
  <testcase name="login" time="4.788" classname="com.learnautomation.testcases.LoginTestWithPOMWithFactory"/>
  <system-out/>
  <testcase name="verifyTabs" time="0.274" classname="com.learnautomation.testcases.LoginTestWithPOMWithFactory"/>
  <system-out/>
  <testcase name="verifyTabs" time="0.158" classname="com.learnautomation.testcases.LoginTestWithPOMWithFactory"/>
  <system-out/>
  <testcase name="logOutApplication" time="1.830" classname="com.learnautomation.testcases.LoginTestWithPOMWithFactory"/>
  <system-out/>
  <testcase name="logOutApplication" time="1.967" classname="com.learnautomation.testcases.LoginTestWithPOMWithFactory"/>
  <system-out/>
</testsuite> <!-- com.learnautomation.testcases.LoginTestWithPOMWithFactory -->
