<?xml version="1.0" encoding="UTF-8"?>
<!-- Generated by org.testng.reporters.JUnitReportReporter -->
<testsuite skipped="0" hostname="DESKTOP-RT1RM8J" name="com.learnautomation.testing.SeleniumGridWindows" tests="2" failures="0" timestamp="2021-12-26T09:11:21 IST" time="30.455" errors="0">
  <testcase name="testOnBrowserStack" time="14.729" classname="com.learnautomation.testing.SeleniumGridWindows"/>
  <system-out/>
  <testcase name="testOnBrowserStack" time="15.726" classname="com.learnautomation.testing.SeleniumGridWindows"/>
  <system-out/>
</testsuite> <!-- com.learnautomation.testing.SeleniumGridWindows -->
