<?xml version="1.0" encoding="UTF-8"?>
<!-- Generated by org.testng.reporters.JUnitReportReporter -->
<testsuite skipped="0" hostname="DESKTOP-RT1RM8J" name="com.learnautomation.testcases.LoginTestWithPOM" tests="1" failures="0" timestamp="2021-12-18T09:11:36 IST" time="5.539" errors="0">
  <testcase name="login" time="5.539" classname="com.learnautomation.testcases.LoginTestWithPOM"/>
  <system-out/>
</testsuite> <!-- com.learnautomation.testcases.LoginTestWithPOM -->
