<?xml version="1.0" encoding="UTF-8"?>
<!-- Generated by org.testng.reporters.JUnitReportReporter -->
<testsuite skipped="0" hostname="DESKTOP-3S3P68U" name="com.learnautomation.testcases.RecruitmentTest" tests="2" failures="0" timestamp="2022-01-23T10:54:58 IST" time="11.702" errors="0">
  <testcase name="addCandidateTest" time="5.917" classname="com.learnautomation.testcases.RecruitmentTest"/>
  <system-out/>
  <testcase name="login" time="5.785" classname="com.learnautomation.testcases.RecruitmentTest"/>
  <system-out/>
</testsuite> <!-- com.learnautomation.testcases.RecruitmentTest -->
