<?xml version="1.0" encoding="UTF-8"?>
<!-- Generated by org.testng.reporters.JUnitReportReporter -->
<testsuite skipped="0" hostname="DESKTOP-RT1RM8J" name="com.learnautomation.testing.SeleniumGridDemo" tests="1" failures="0" timestamp="2021-12-26T08:43:37 IST" time="23.899" errors="0">
  <testcase name="testOnWin11ChromeLatest" time="23.899" classname="com.learnautomation.testing.SeleniumGridDemo"/>
  <system-out/>
</testsuite> <!-- com.learnautomation.testing.SeleniumGridDemo -->
