<?xml version="1.0" encoding="UTF-8"?>
<!-- Generated by org.testng.reporters.JUnitReportReporter -->
<testsuite skipped="0" hostname="DESKTOP-RT1RM8J" name="com.learnautomation.testing.SampleMukeshTest" tests="1" failures="0" timestamp="2021-12-26T09:43:52 IST" time="0.008" errors="0">
  <testcase name="test1" time="0.008" classname="com.learnautomation.testing.SampleMukeshTest"/>
  <system-out/>
</testsuite> <!-- com.learnautomation.testing.SampleMukeshTest -->
