<?xml version="1.0" encoding="UTF-8"?>
<!-- Generated by org.testng.reporters.JUnitReportReporter -->
<testsuite skipped="0" hostname="DESKTOP-RT1RM8J" name="com.learnautomation.testcases.Sample" tests="1" failures="0" timestamp="2021-12-25T09:53:42 IST" time="0.018" errors="0">
  <testcase name="sampleTest" time="0.018" classname="com.learnautomation.testcases.Sample"/>
  <system-out/>
</testsuite> <!-- com.learnautomation.testcases.Sample -->
