<?xml version="1.0" encoding="UTF-8"?>
<!-- Generated by org.testng.reporters.JUnitReportReporter -->
<testsuite skipped="0" hostname="DESKTOP-RT1RM8J" name="com.learnautomation.testcases.LoginTestWithPOMWithFactory" tests="3" failures="0" timestamp="2022-01-08T00:30:38 IST" time="12.125" errors="0">
  <testcase name="login" time="9.052" classname="com.learnautomation.testcases.LoginTestWithPOMWithFactory"/>
  <system-out/>
  <testcase name="verifyTabs" time="0.418" classname="com.learnautomation.testcases.LoginTestWithPOMWithFactory"/>
  <system-out/>
  <testcase name="logOutApplication" time="2.655" classname="com.learnautomation.testcases.LoginTestWithPOMWithFactory"/>
  <system-out/>
</testsuite> <!-- com.learnautomation.testcases.LoginTestWithPOMWithFactory -->
